<?xml version="1.0" encoding="UTF-8"?>
<!-- Generated by org.testng.reporters.JUnitReportReporter -->
<testsuite failures="0" tests="1" name="tests.ThirdTest" time="3.071" errors="0" timestamp="2021-06-09T14:00:39 IST" skipped="0">
  <testcase classname="tests.ThirdTest" name="testPostRequest" time="3.071"/>
  <system-out/>
</testsuite> <!-- tests.ThirdTest -->
