<?xml version="1.0" encoding="UTF-8"?>
<!-- Generated by org.testng.reporters.JUnitReportReporter -->
<testsuite failures="0" tests="2" name="tests.SecondTest" time="4.631" errors="0" timestamp="2021-06-09T12:22:33 IST" skipped="0">
  <testcase classname="tests.SecondTest" name="test1" time="2.414"/>
  <system-out/>
  <testcase classname="tests.SecondTest" name="test2" time="2.217"/>
  <system-out/>
</testsuite> <!-- tests.SecondTest -->
