<?xml version="1.0" encoding="UTF-8"?>
<!-- Generated by org.testng.reporters.JUnitReportReporter -->
<testsuite failures="0" tests="3" name="tests.FourthTest" time="4.526" errors="0" timestamp="2021-06-09T17:03:12 IST" skipped="0">
  <testcase classname="tests.FourthTest" name="testPutRequest" time="0.887"/>
  <system-out/>
  <testcase classname="tests.FourthTest" name="testDeleteRequest" time="2.759"/>
  <system-out/>
  <testcase classname="tests.FourthTest" name="testPatchRequest" time="0.880"/>
  <system-out/>
</testsuite> <!-- tests.FourthTest -->
